[2018-04-02 10:40:58,917] [INFO] [run.py: <module>: 6] -> "web service start"
[2018-04-02 10:40:59,892] [INFO] [run.py: <module>: 6] -> "web service start"
[2018-04-02 10:48:08,227] [INFO] [run.py: <module>: 6] -> "web service start"
[2018-04-02 10:48:09,140] [INFO] [run.py: <module>: 6] -> "web service start"
[2018-04-02 10:55:09,889] [INFO] [run.py: <module>: 6] -> "web service start"
[2018-04-02 10:56:55,484] [INFO] [run.py: <module>: 6] -> "web service start"
[2018-04-02 10:58:56,995] [INFO] [run.py: <module>: 6] -> "web service start"
[2018-04-02 11:00:41,631] [INFO] [run.py: <module>: 6] -> "web service start"
[2018-04-02 11:01:02,085] [INFO] [run.py: <module>: 6] -> "web service start"
[2018-04-02 11:05:59,508] [INFO] [run.py: <module>: 6] -> "web service start"
[2018-04-02 11:06:02,573] [INFO] [views.py: distribution_permission: 313] -> "管理员admin将123456的权限从User改为Admin"
[2018-04-02 11:06:32,887] [INFO] [run.py: <module>: 6] -> "web service start"
[2018-04-02 11:08:19,249] [INFO] [views.py: logout: 99] -> "用户"admin"注销成功"
[2018-04-02 11:08:43,972] [INFO] [views.py: login: 84] -> "用户 "123456" 登陆成功"
[2018-04-02 11:11:25,999] [INFO] [views.py: logout: 99] -> "用户"123456"注销成功"
[2018-04-02 11:11:32,808] [INFO] [views.py: login: 84] -> "用户 "admin" 登陆成功"
[2018-04-02 11:12:43,718] [INFO] [views.py: logout: 99] -> "用户"admin"注销成功"
[2018-04-02 11:12:54,150] [INFO] [views.py: login: 84] -> "用户 "123456" 登陆成功"
[2018-04-02 11:13:23,143] [INFO] [views.py: logout: 99] -> "用户"123456"注销成功"
[2018-04-02 11:13:30,311] [INFO] [views.py: login: 84] -> "用户 "admin" 登陆成功"
[2018-04-02 11:13:40,535] [INFO] [views.py: logout: 99] -> "用户"admin"注销成功"
[2018-04-02 12:01:43,829] [INFO] [views.py: login: 84] -> "用户 "admin" 登陆成功"
[2018-04-02 12:02:00,209] [INFO] [views.py: new_post: 218] -> "用户"admin"新增了"日志车市"博文"
[2018-04-02 12:02:06,615] [INFO] [views.py: new_post: 218] -> "用户"admin"新增了"日志车市"博文"
[2018-04-02 12:02:11,735] [INFO] [views.py: new_post: 218] -> "用户"admin"新增了"日志车市"博文"
[2018-04-02 12:02:16,026] [INFO] [views.py: new_post: 218] -> "用户"admin"新增了"日志车市"博文"
[2018-04-02 12:02:20,361] [INFO] [views.py: new_post: 218] -> "用户"admin"新增了"日志车市"博文"
[2018-04-02 12:02:23,855] [INFO] [views.py: new_post: 218] -> "用户"admin"新增了"日志车市"博文"
[2018-04-02 12:02:26,179] [INFO] [views.py: logout: 99] -> "用户"admin"注销成功"
[2018-04-02 12:09:19,136] [INFO] [run.py: <module>: 6] -> "web service start"
[2018-04-02 12:20:53,164] [INFO] [run.py: <module>: 6] -> "web service start"
[2018-04-02 12:21:12,691] [INFO] [run.py: <module>: 6] -> "web service start"
[2018-04-02 12:27:33,275] [INFO] [run.py: <module>: 6] -> "web service start"
[2018-04-02 12:27:51,189] [INFO] [views.py: login: 90] -> "用户 "admin" 登陆成功"
[2018-04-02 12:28:33,830] [INFO] [run.py: <module>: 6] -> "web service start"
[2018-04-02 12:29:10,533] [INFO] [run.py: <module>: 6] -> "web service start"
[2018-04-02 12:29:21,220] [INFO] [run.py: <module>: 6] -> "web service start"
[2018-04-02 12:29:30,585] [INFO] [views.py: logout: 106] -> "用户"admin"注销成功"
[2018-04-02 12:29:41,112] [INFO] [views.py: authorized: 186] -> "GITHUB 用户"BUGLAN"登陆成功"
[2018-04-02 12:29:45,170] [INFO] [views.py: logout: 106] -> "用户"BUGLAN"注销成功"
[2018-04-02 12:32:16,736] [INFO] [views.py: login: 91] -> "用户 "admin" 登陆成功"
[2018-04-02 12:32:34,524] [INFO] [views.py: new_tag: 256] -> "用户"admin"新增了"Python"标签"
[2018-04-02 12:32:46,720] [INFO] [views.py: logout: 106] -> "用户"admin"注销成功"
[2018-04-02 12:33:01,695] [INFO] [views.py: login: 91] -> "用户 "admin" 登陆成功"
[2018-04-02 12:33:26,281] [INFO] [views.py: tag_edit: 185] -> "用户"admin"将标签"Python"修改为"Flask""
[2018-04-02 12:33:38,223] [INFO] [views.py: new_tag: 256] -> "用户"admin"新增了"Python"标签"
